<?xml version="1.0" encoding="UTF-8"?>
<testng-results ignored="0" total="1" passed="1" failed="0" skipped="0">
  <reporter-output>
  </reporter-output>
  <suite started-at="2024-04-04T10:50:41 BDT" name="Default suite" finished-at="2024-04-04T10:50:58 BDT" duration-ms="16670">
    <groups>
    </groups>
    <test started-at="2024-04-04T10:50:41 BDT" name="Default test" finished-at="2024-04-04T10:50:58 BDT" duration-ms="16670">
      <class name="SandaliaApps.appidroid.OpenApk">
        <test-method is-config="true" signature="start()[pri:0, instance:SandaliaApps.appidroid.OpenApk@3a6bb9bf]" started-at="2024-04-04T10:50:41 BDT" name="start" finished-at="2024-04-04T10:50:43 BDT" duration-ms="2460" status="PASS">
          <reporter-output>
          </reporter-output>
        </test-method> <!-- start -->
        <test-method signature="test()[pri:0, instance:SandaliaApps.appidroid.OpenApk@3a6bb9bf]" started-at="2024-04-04T10:50:43 BDT" name="test" finished-at="2024-04-04T10:50:57 BDT" duration-ms="13562" status="PASS">
          <reporter-output>
          </reporter-output>
        </test-method> <!-- test -->
        <test-method is-config="true" signature="stop()[pri:0, instance:SandaliaApps.appidroid.OpenApk@3a6bb9bf]" started-at="2024-04-04T10:50:57 BDT" name="stop" finished-at="2024-04-04T10:50:58 BDT" duration-ms="604" status="PASS">
          <reporter-output>
          </reporter-output>
        </test-method> <!-- stop -->
      </class> <!-- SandaliaApps.appidroid.OpenApk -->
    </test> <!-- Default test -->
  </suite> <!-- Default suite -->
</testng-results>
